<?xml version="1.0" encoding="UTF-8"?>
<!-- Generated by org.testng.reporters.JUnitReportReporter -->
<testsuite hostname="DESKTOP-91EQ3LE" failures="0" tests="2" name="tests.LoginPageTests" time="10.704" errors="0" timestamp="2022-01-26T15:53:05 IST" skipped="0">
  <testcase classname="tests.LoginPageTests" name="validLoginTest" time="8.015"/>
  <system-out/>
  <testcase classname="tests.LoginPageTests" name="loginTest" time="2.689"/>
  <system-out/>
</testsuite> <!-- tests.LoginPageTests -->
