<?xml version="1.0" encoding="UTF-8"?>
<!-- Generated by org.testng.reporters.JUnitReportReporter -->
<testsuite hostname="DESKTOP-91EQ3LE" failures="0" tests="1" name="Tests" time="14.879" errors="0" timestamp="2022-01-23T12:05:58 IST" skipped="0">
  <testcase classname="Tests" name="navigateToGoogleTest" time="14.879"/>
  <system-out/>
</testsuite> <!-- Tests -->
